<?xml version="1.0" encoding="UTF-8"?>
<testsuite name="APIAutomation_RestAssured"
           tests="1"
           failures="1"
           errors="0"
           skipped="0"
           time="1.538">
    <properties></properties>

            <testcase
                name="NonBDDPUTreq"
                time="1.538"
                classname="org.pavithra_RESTAssured.MyPractice.Lab0005_PUTRequest">

            <failure type="java.lang.IllegalStateException" message="Expected response body to be verified as JSON, HTML or XML but content-type &apos;text/plain&apos; is not supported out of the box.
Try registering a custom parser using:
   RestAssured.registerParser(&quot;text/plain&quot;, &lt;parser type&gt;);
Content was:
Method Not Allowed
">
                <![CDATA[java.lang.IllegalStateException: Expected response body to be verified as JSON, HTML or XML but content-type 'text/plain' is not supported out of the box.
Try registering a custom parser using:
   RestAssured.registerParser("text/plain", <parser type>);
Content was:
Method Not Allowed

                java.base/jdk.internal.reflect.DirectConstructorHandleAccessor.newInstance(DirectConstructorHandleAccessor.java:62)java.base/java.lang.reflect.Constructor.newInstanceWithCaller(Constructor.java:502)java.base/java.lang.reflect.Constructor.newInstance(Constructor.java:486)org.codehaus.groovy.reflection.CachedConstructor.invoke(CachedConstructor.java:73)org.codehaus.groovy.reflection.CachedConstructor.doConstructorInvoke(CachedConstructor.java:60)org.codehaus.groovy.runtime.callsite.ConstructorSite$ConstructorSiteNoUnwrap.callConstructor(ConstructorSite.java:86)org.codehaus.groovy.runtime.callsite.CallSiteArray.defaultCallConstructor(CallSiteArray.java:57)org.codehaus.groovy.runtime.callsite.AbstractCallSite.callConstructor(AbstractCallSite.java:263)org.codehaus.groovy.runtime.callsite.AbstractCallSite.callConstructor(AbstractCallSite.java:277)io.restassured.assertion.StreamVerifier.newAssertion(StreamVerifier.groovy:49)io.restassured.internal.assertion.BodyMatcher.validate(BodyMatcher.java:93)io.restassured.internal.assertion.BodyMatcherGroup.lambda$validate$0(BodyMatcherGroup.java:30)java.base/java.util.stream.ReferencePipeline$3$1.accept(ReferencePipeline.java:197)java.base/java.util.ArrayList$ArrayListSpliterator.forEachRemaining(ArrayList.java:1708)java.base/java.util.stream.AbstractPipeline.copyInto(AbstractPipeline.java:509)java.base/java.util.stream.AbstractPipeline.wrapAndCopyInto(AbstractPipeline.java:499)java.base/java.util.stream.ReduceOps$ReduceOp.evaluateSequential(ReduceOps.java:921)java.base/java.util.stream.AbstractPipeline.evaluate(AbstractPipeline.java:234)java.base/java.util.stream.ReferencePipeline.collect(ReferencePipeline.java:682)io.restassured.internal.assertion.BodyMatcherGroup.validate(BodyMatcherGroup.java:30)io.restassured.internal.assertion.BodyMatcherGroup$validate$3.call(Unknown Source)org.codehaus.groovy.runtime.callsite.CallSiteArray.defaultCall(CallSiteArray.java:45)io.restassured.internal.assertion.BodyMatcherGroup$validate$3.call(Unknown Source)io.restassured.internal.ResponseSpecificationImpl$HamcrestAssertionClosure.validate(ResponseSpecificationImpl.groovy:499)io.restassured.internal.ResponseSpecificationImpl$HamcrestAssertionClosure$validate$1.call(Unknown Source)io.restassured.internal.ResponseSpecificationImpl.validateResponseIfRequired(ResponseSpecificationImpl.groovy:696)io.restassured.internal.ResponseSpecificationImpl.this$2$validateResponseIfRequired(ResponseSpecificationImpl.groovy)java.base/jdk.internal.reflect.DirectMethodHandleAccessor.invoke(DirectMethodHandleAccessor.java:103)java.base/java.lang.reflect.Method.invoke(Method.java:580)org.codehaus.groovy.runtime.callsite.PlainObjectMetaMethodSite.doInvoke(PlainObjectMetaMethodSite.java:43)org.codehaus.groovy.runtime.callsite.PogoMetaMethodSite$PogoCachedMethodSiteNoUnwrapNoCoerce.invoke(PogoMetaMethodSite.java:198)org.codehaus.groovy.runtime.callsite.PogoMetaMethodSite.callCurrent(PogoMetaMethodSite.java:62)org.codehaus.groovy.runtime.callsite.AbstractCallSite.callCurrent(AbstractCallSite.java:185)io.restassured.internal.ResponseSpecificationImpl.body(ResponseSpecificationImpl.groovy:270)io.restassured.specification.ResponseSpecification$body$0.callCurrent(Unknown Source)org.codehaus.groovy.runtime.callsite.CallSiteArray.defaultCallCurrent(CallSiteArray.java:49)io.restassured.specification.ResponseSpecification$body$0.callCurrent(Unknown Source)io.restassured.internal.ResponseSpecificationImpl.body(ResponseSpecificationImpl.groovy:117)io.restassured.internal.ValidatableResponseOptionsImpl.body(ValidatableResponseOptionsImpl.java:244)org.pavithra_RESTAssured.MyPractice.Lab0005_PUTRequest.NonBDDPUTreq(Lab0005_PUTRequest.java:77)java.base/jdk.internal.reflect.DirectMethodHandleAccessor.invoke(DirectMethodHandleAccessor.java:103)java.base/java.lang.reflect.Method.invoke(Method.java:580)org.testng.internal.invokers.MethodInvocationHelper.invokeMethod(MethodInvocationHelper.java:139)org.testng.internal.invokers.TestInvoker.invokeMethod(TestInvoker.java:664)org.testng.internal.invokers.TestInvoker.invokeTestMethod(TestInvoker.java:228)org.testng.internal.invokers.MethodRunner.runInSequence(MethodRunner.java:63)org.testng.internal.invokers.TestInvoker$MethodInvocationAgent.invoke(TestInvoker.java:961)org.testng.internal.invokers.TestInvoker.invokeTestMethods(TestInvoker.java:201)org.testng.internal.invokers.TestMethodWorker.invokeTestMethods(TestMethodWorker.java:148)org.testng.internal.invokers.TestMethodWorker.run(TestMethodWorker.java:128)java.base/java.util.ArrayList.forEach(ArrayList.java:1596)org.testng.TestRunner.privateRun(TestRunner.java:819)org.testng.TestRunner.run(TestRunner.java:619)org.testng.SuiteRunner.runTest(SuiteRunner.java:443)org.testng.SuiteRunner.runSequentially(SuiteRunner.java:437)org.testng.SuiteRunner.privateRun(SuiteRunner.java:397)org.testng.SuiteRunner.run(SuiteRunner.java:336)org.testng.SuiteRunnerWorker.runSuite(SuiteRunnerWorker.java:52)org.testng.SuiteRunnerWorker.run(SuiteRunnerWorker.java:95)org.testng.TestNG.runSuitesSequentially(TestNG.java:1301)org.testng.TestNG.runSuitesLocally(TestNG.java:1228)org.testng.TestNG.runSuites(TestNG.java:1134)org.testng.TestNG.run(TestNG.java:1101)com.intellij.rt.testng.IDEARemoteTestNG.run(IDEARemoteTestNG.java:65)com.intellij.rt.testng.RemoteTestNGStarter.main(RemoteTestNGStarter.java:105)
]]>
            </failure>
    </testcase>


</testsuite>
